<?xml version="1.0" encoding="UTF-8"?>
<!-- Generated by org.testng.reporters.JUnitReportReporter -->
<testsuite hostname="vbhudhk" failures="0" tests="4" name="fundModule.VerifyUserCanAddFunds" time="22.590" errors="0" timestamp="2022-10-20T18:46:05 IST" skipped="0">
  <testcase classname="fundModule.VerifyUserCanAddFunds" name="VerifyUserCanLogin" time="19.652"/>
  <system-out/>
  <testcase classname="fundModule.VerifyUserCanAddFunds" name="VerifyUserCanOpenFundWindow" time="0.180"/>
  <system-out/>
  <testcase classname="fundModule.VerifyUserCanAddFunds" name="VerifyUserCanOpenDepositeFundWindow" time="0.932"/>
  <system-out/>
  <testcase classname="fundModule.VerifyUserCanAddFunds" name="VerifyUserCanFillDepositeDetailsAdnContinue" time="1.826"/>
  <system-out/>
</testsuite> <!-- fundModule.VerifyUserCanAddFunds -->
